[sadichi.lol/index.html]
[backblue.gif]
[fade.gif]
[index.html]
[sadichi.lol/assets/profile.png]
[sadichi.lol/assets/meme0.png]
[sadichi.lol/assets/twitter.png]
[sadichi.lol/assets/telegram.png]
[sadichi.lol/assets/owlSocial.png]
[sadichi.lol/assets/logoSocial.png]
[sadichi.lol/assets/meme1.png]
[sadichi.lol/assets/meme2.png]
[sadichi.lol/assets/meme3.png]
[sadichi.lol/assets/meme4.png]
[sadichi.lol/assets/meme5.png]
[sadichi.lol/assets/meme6.png]
[sadichi.lol/assets/meme7.png]
[sadichi.lol/assets/meme8.png]
[sadichi.lol/assets/meme9.png]
[sadichi.lol/assets/meme10.png]
[sadichi.lol/assets/meme11.png]
[sadichi.lol/assets/meme12.png]
[sadichi.lol/index.html]
